# JRE version: Java(TM) SE Runtime Environment (7.0_71-b14) (build 1.7.0_71-b14)
# Java VM: Java HotSpot(TM) Client VM (24.71-b01 mixed mode windows-x86 )
Heap
 par new generation   total 18432K, used 8379K [0x04c00000, 0x06000000, 0x0f6a0000)
  eden space 16384K,  39% used [0x04c00000, 0x05248fb8, 0x05c00000)
  from space 2048K,  94% used [0x05c00000, 0x05de5e10, 0x05e00000)
  to   space 2048K,   0% used [0x05e00000, 0x05e00000, 0x06000000)
 concurrent mark-sweep generation total 53732K, used 32464K [0x0f6a0000, 0x12b19000, 0x24c00000)
 concurrent-mark-sweep perm gen total 65536K, used 49077K [0x24c00000, 0x28c00000, 0x28c00000)
GC Heap History (10 events):
Event: 13300.275 GC heap before
{Heap before GC invocations=89 (full 12):
 par new generation   total 18432K, used 18432K [0x04c00000, 0x06000000, 0x0f6a0000)
  eden space 16384K, 100% used [0x04c00000, 0x05c00000, 0x05c00000)
  from space 2048K, 100% used [0x05e00000, 0x06000000, 0x06000000)
  to   space 2048K,   0% used [0x05c00000, 0x05c00000, 0x05e00000)
 concurrent mark-sweep generation total 53732K, used 43508K [0x0f6a0000, 0x12b19000, 0x24c00000)
 concurrent-mark-sweep perm gen total 65536K, used 57812K [0x24c00000, 0x28c00000, 0x28c00000)
Event: 13300.283 GC heap after
Heap after GC invocations=90 (full 12):
 par new generation   total 18432K, used 2048K [0x04c00000, 0x06000000, 0x0f6a0000)
  eden space 16384K,   0% used [0x04c00000, 0x04c00000, 0x05c00000)
  from space 2048K, 100% used [0x05c00000, 0x05e00000, 0x05e00000)
  to   space 2048K,   0% used [0x05e00000, 0x05e00000, 0x06000000)
 concurrent mark-sweep generation total 53732K, used 45683K [0x0f6a0000, 0x12b19000, 0x24c00000)
 concurrent-mark-sweep perm gen total 65536K, used 57812K [0x24c00000, 0x28c00000, 0x28c00000)
}
Event: 13321.332 GC heap before
{Heap before GC invocations=90 (full 12):
 par new generation   total 18432K, used 18432K [0x04c00000, 0x06000000, 0x0f6a0000)
  eden space 16384K, 100% used [0x04c00000, 0x05c00000, 0x05c00000)
  from space 2048K, 100% used [0x05c00000, 0x05e00000, 0x05e00000)
  to   space 2048K,   0% used [0x05e00000, 0x05e00000, 0x06000000)
 concurrent mark-sweep generation total 53732K, used 45683K [0x0f6a0000, 0x12b19000, 0x24c00000)
 concurrent-mark-sweep perm gen total 65536K, used 57988K [0x24c00000, 0x28c00000, 0x28c00000)
Event: 13321.338 GC heap after
Heap after GC invocations=91 (full 12):
 par new generation   total 18432K, used 1899K [0x04c00000, 0x06000000, 0x0f6a0000)
  eden space 16384K,   0% used [0x04c00000, 0x04c00000, 0x05c00000)
  from space 2048K,  92% used [0x05e00000, 0x05fdaf38, 0x06000000)
  to   space 2048K,   0% used [0x05c00000, 0x05c00000, 0x05e00000)
 concurrent mark-sweep generation total 53732K, used 47645K [0x0f6a0000, 0x12b19000, 0x24c00000)
 concurrent-mark-sweep perm gen total 65536K, used 57988K [0x24c00000, 0x28c00000, 0x28c00000)
}
Event: 13322.016 GC heap before
{Heap before GC invocations=91 (full 12):
 par new generation   total 18432K, used 18283K [0x04c00000, 0x06000000, 0x0f6a0000)
  eden space 16384K, 100% used [0x04c00000, 0x05c00000, 0x05c00000)
  from space 2048K,  92% used [0x05e00000, 0x05fdaf38, 0x06000000)
  to   space 2048K,   0% used [0x05c00000, 0x05c00000, 0x05e00000)
 concurrent mark-sweep generation total 53732K, used 47645K [0x0f6a0000, 0x12b19000, 0x24c00000)
 concurrent-mark-sweep perm gen total 65536K, used 58003K [0x24c00000, 0x28c00000, 0x28c00000)
Event: 13322.024 GC heap after
Heap after GC invocations=92 (full 12):
 par new generation   total 18432K, used 2048K [0x04c00000, 0x06000000, 0x0f6a0000)
  eden space 16384K,   0% used [0x04c00000, 0x04c00000, 0x05c00000)
  from space 2048K, 100% used [0x05c00000, 0x05e00000, 0x05e00000)
  to   space 2048K,   0% used [0x05e00000, 0x05e00000, 0x06000000)
 concurrent mark-sweep generation total 53732K, used 49344K [0x0f6a0000, 0x12b19000, 0x24c00000)
 concurrent-mark-sweep perm gen total 65536K, used 58003K [0x24c00000, 0x28c00000, 0x28c00000)
}
Event: 13349.936 GC heap before
{Heap before GC invocations=92 (full 13):
 par new generation   total 18432K, used 18432K [0x04c00000, 0x06000000, 0x0f6a0000)
  eden space 16384K, 100% used [0x04c00000, 0x05c00000, 0x05c00000)
  from space 2048K, 100% used [0x05c00000, 0x05e00000, 0x05e00000)
  to   space 2048K,   0% used [0x05e00000, 0x05e00000, 0x06000000)
 concurrent mark-sweep generation total 53732K, used 27590K [0x0f6a0000, 0x12b19000, 0x24c00000)
 concurrent-mark-sweep perm gen total 65536K, used 48668K [0x24c00000, 0x28c00000, 0x28c00000)
Event: 13349.946 GC heap after
Heap after GC invocations=93 (full 13):
 par new generation   total 18432K, used 2048K [0x04c00000, 0x06000000, 0x0f6a0000)
  eden space 16384K,   0% used [0x04c00000, 0x04c00000, 0x05c00000)
  from space 2048K, 100% used [0x05e00000, 0x06000000, 0x06000000)
  to   space 2048K,   0% used [0x05c00000, 0x05c00000, 0x05e00000)
 concurrent mark-sweep generation total 53732K, used 30489K [0x0f6a0000, 0x12b19000, 0x24c00000)
 concurrent-mark-sweep perm gen total 65536K, used 48668K [0x24c00000, 0x28c00000, 0x28c00000)
}
Event: 13351.348 GC heap before
{Heap before GC invocations=93 (full 13):
 par new generation   total 18432K, used 18432K [0x04c00000, 0x06000000, 0x0f6a0000)
  eden space 16384K, 100% used [0x04c00000, 0x05c00000, 0x05c00000)
  from space 2048K, 100% used [0x05e00000, 0x06000000, 0x06000000)
  to   space 2048K,   0% used [0x05c00000, 0x05c00000, 0x05e00000)
 concurrent mark-sweep generation total 53732K, used 30489K [0x0f6a0000, 0x12b19000, 0x24c00000)
 concurrent-mark-sweep perm gen total 65536K, used 48752K [0x24c00000, 0x28c00000, 0x28c00000)
Event: 13351.355 GC heap after
Heap after GC invocations=94 (full 13):
 par new generation   total 18432K, used 1943K [0x04c00000, 0x06000000, 0x0f6a0000)
  eden space 16384K,   0% used [0x04c00000, 0x04c00000, 0x05c00000)
  from space 2048K,  94% used [0x05c00000, 0x05de5e10, 0x05e00000)
  to   space 2048K,   0% used [0x05e00000, 0x05e00000, 0x06000000)
 concurrent mark-sweep generation total 53732K, used 32464K [0x0f6a0000, 0x12b19000, 0x24c00000)
 concurrent-mark-sweep perm gen total 65536K, used 48752K [0x24c00000, 0x28c00000, 0x28c00000)
}

